# JRE version: OpenJDK Runtime Environment (8.0_202) (build 1.8.0_202-release-1483-b49-5587405)
# Java VM: OpenJDK 64-Bit Server VM (25.202-b49-5587405 mixed mode bsd-amd64 compressed oops)
Heap:
 PSYoungGen      total 415232K, used 402400K [0x00000007a0000000, 0x00000007c0000000, 0x00000007c0000000)
  eden space 342528K, 100% used [0x00000007a0000000,0x00000007b4e80000,0x00000007b4e80000)
  from space 72704K, 82% used [0x00000007b4e80000,0x00000007b88f8108,0x00000007b9580000)
  to   space 77824K, 76% used [0x00000007bb400000,0x00000007bee59c88,0x00000007c0000000)
 ParOldGen       total 1048576K, used 91448K [0x0000000760000000, 0x00000007a0000000, 0x00000007a0000000)
  object space 1048576K, 8% used [0x0000000760000000,0x000000076594e000,0x00000007a0000000)
 Metaspace       used 142973K, capacity 152391K, committed 152616K, reserved 1181696K
  class space    used 18216K, capacity 19893K, committed 20008K, reserved 1048576K
GC Heap History (10 events):
Event: 7986.327 GC heap after
Heap after GC invocations=40 (full 5):
 PSYoungGen      total 396800K, used 33651K [0x00000007a0000000, 0x00000007be680000, 0x00000007c0000000)
  eden space 318464K, 0% used [0x00000007a0000000,0x00000007a0000000,0x00000007b3700000)
  from space 78336K, 42% used [0x00000007b3700000,0x00000007b57dcde8,0x00000007b8380000)
  to   space 74240K, 0% used [0x00000007b9e00000,0x00000007b9e00000,0x00000007be680000)
 ParOldGen       total 236544K, used 91128K [0x0000000760000000, 0x000000076e700000, 0x00000007a0000000)
  object space 236544K, 38% used [0x0000000760000000,0x00000007658fe000,0x000000076e700000)
 Metaspace       used 140400K, capacity 148543K, committed 148776K, reserved 1179648K
  class space    used 17912K, capacity 19451K, committed 19496K, reserved 1048576K
}
Event: 8056.978 GC heap before
{Heap before GC invocations=41 (full 5):
 PSYoungGen      total 396800K, used 352115K [0x00000007a0000000, 0x00000007be680000, 0x00000007c0000000)
  eden space 318464K, 100% used [0x00000007a0000000,0x00000007b3700000,0x00000007b3700000)
  from space 78336K, 42% used [0x00000007b3700000,0x00000007b57dcde8,0x00000007b8380000)
  to   space 74240K, 0% used [0x00000007b9e00000,0x00000007b9e00000,0x00000007be680000)
 ParOldGen       total 236544K, used 91128K [0x0000000760000000, 0x000000076e700000, 0x00000007a0000000)
  object space 236544K, 38% used [0x0000000760000000,0x00000007658fe000,0x000000076e700000)
 Metaspace       used 141174K, capacity 150319K, committed 150568K, reserved 1179648K
  class space    used 18048K, capacity 19701K, committed 19752K, reserved 1048576K
Event: 8057.205 GC heap after
Heap after GC invocations=41 (full 5):
 PSYoungGen      total 351744K, used 44250K [0x00000007a0000000, 0x00000007bc980000, 0x00000007c0000000)
  eden space 307200K, 0% used [0x00000007a0000000,0x00000007a0000000,0x00000007b2c00000)
  from space 44544K, 99% used [0x00000007b9e00000,0x00000007bc936a70,0x00000007bc980000)
  to   space 74240K, 0% used [0x00000007b3880000,0x00000007b3880000,0x00000007b8100000)
 ParOldGen       total 236544K, used 91128K [0x0000000760000000, 0x000000076e700000, 0x00000007a0000000)
  object space 236544K, 38% used [0x0000000760000000,0x00000007658fe000,0x000000076e700000)
 Metaspace       used 141174K, capacity 150319K, committed 150568K, reserved 1179648K
  class space    used 18048K, capacity 19701K, committed 19752K, reserved 1048576K
}
Event: 8074.853 GC heap before
{Heap before GC invocations=42 (full 5):
 PSYoungGen      total 351744K, used 351450K [0x00000007a0000000, 0x00000007bc980000, 0x00000007c0000000)
  eden space 307200K, 100% used [0x00000007a0000000,0x00000007b2c00000,0x00000007b2c00000)
  from space 44544K, 99% used [0x00000007b9e00000,0x00000007bc936a70,0x00000007bc980000)
  to   space 74240K, 0% used [0x00000007b3880000,0x00000007b3880000,0x00000007b8100000)
 ParOldGen       total 236544K, used 91128K [0x0000000760000000, 0x000000076e700000, 0x00000007a0000000)
  object space 236544K, 38% used [0x0000000760000000,0x00000007658fe000,0x000000076e700000)
 Metaspace       used 141477K, capacity 150717K, committed 150824K, reserved 1179648K
  class space    used 18075K, capacity 19734K, committed 19752K, reserved 1048576K
Event: 8075.288 GC heap after
Heap after GC invocations=42 (full 5):
 PSYoungGen      total 394240K, used 43892K [0x00000007a0000000, 0x00000007bde00000, 0x00000007c0000000)
  eden space 320000K, 0% used [0x00000007a0000000,0x00000007a0000000,0x00000007b3880000)
  from space 74240K, 59% used [0x00000007b3880000,0x00000007b635d268,0x00000007b8100000)
  to   space 74240K, 0% used [0x00000007b9580000,0x00000007b9580000,0x00000007bde00000)
 ParOldGen       total 236544K, used 91136K [0x0000000760000000, 0x000000076e700000, 0x00000007a0000000)
  object space 236544K, 38% used [0x0000000760000000,0x0000000765900000,0x000000076e700000)
 Metaspace       used 141477K, capacity 150717K, committed 150824K, reserved 1179648K
  class space    used 18075K, capacity 19734K, committed 19752K, reserved 1048576K
}
Event: 8084.183 GC heap before
{Heap before GC invocations=43 (full 5):
 PSYoungGen      total 394240K, used 363892K [0x00000007a0000000, 0x00000007bde00000, 0x00000007c0000000)
  eden space 320000K, 100% used [0x00000007a0000000,0x00000007b3880000,0x00000007b3880000)
  from space 74240K, 59% used [0x00000007b3880000,0x00000007b635d268,0x00000007b8100000)
  to   space 74240K, 0% used [0x00000007b9580000,0x00000007b9580000,0x00000007bde00000)
 ParOldGen       total 236544K, used 91136K [0x0000000760000000, 0x000000076e700000, 0x00000007a0000000)
  object space 236544K, 38% used [0x0000000760000000,0x0000000765900000,0x000000076e700000)
 Metaspace       used 142075K, capacity 151411K, committed 151720K, reserved 1181696K
  class space    used 18113K, capacity 19773K, committed 19880K, reserved 1048576K
Event: 8084.267 GC heap after
Heap after GC invocations=43 (full 5):
 PSYoungGen      total 416768K, used 41242K [0x00000007a0000000, 0x00000007be800000, 0x00000007c0000000)
  eden space 342528K, 0% used [0x00000007a0000000,0x00000007a0000000,0x00000007b4e80000)
  from space 74240K, 55% used [0x00000007b9580000,0x00000007bbdc68a0,0x00000007bde00000)
  to   space 72704K, 0% used [0x00000007b4e80000,0x00000007b4e80000,0x00000007b9580000)
 ParOldGen       total 236544K, used 91144K [0x0000000760000000, 0x000000076e700000, 0x00000007a0000000)
  object space 236544K, 38% used [0x0000000760000000,0x0000000765902000,0x000000076e700000)
 Metaspace       used 142075K, capacity 151411K, committed 151720K, reserved 1181696K
  class space    used 18113K, capacity 19773K, committed 19880K, reserved 1048576K
}
Event: 8087.020 GC heap before
{Heap before GC invocations=44 (full 5):
 PSYoungGen      total 416768K, used 383770K [0x00000007a0000000, 0x00000007be800000, 0x00000007c0000000)
  eden space 342528K, 100% used [0x00000007a0000000,0x00000007b4e80000,0x00000007b4e80000)
  from space 74240K, 55% used [0x00000007b9580000,0x00000007bbdc68a0,0x00000007bde00000)
  to   space 72704K, 0% used [0x00000007b4e80000,0x00000007b4e80000,0x00000007b9580000)
 ParOldGen       total 236544K, used 91144K [0x0000000760000000, 0x000000076e700000, 0x00000007a0000000)
  object space 236544K, 38% used [0x0000000760000000,0x0000000765902000,0x000000076e700000)
 Metaspace       used 142648K, capacity 152037K, committed 152232K, reserved 1181696K
  class space    used 18201K, capacity 19876K, committed 19880K, reserved 1048576K
Event: 8087.271 GC heap after
Heap after GC invocations=44 (full 5):
 PSYoungGen      total 415232K, used 59872K [0x00000007a0000000, 0x00000007c0000000, 0x00000007c0000000)
  eden space 342528K, 0% used [0x00000007a0000000,0x00000007a0000000,0x00000007b4e80000)
  from space 72704K, 82% used [0x00000007b4e80000,0x00000007b88f8108,0x00000007b9580000)
  to   space 77824K, 0% used [0x00000007bb400000,0x00000007bb400000,0x00000007c0000000)
 ParOldGen       total 236544K, used 91144K [0x0000000760000000, 0x000000076e700000, 0x00000007a0000000)
  object space 236544K, 38% used [0x0000000760000000,0x0000000765902000,0x000000076e700000)
 Metaspace       used 142648K, capacity 152037K, committed 152232K, reserved 1181696K
  class space    used 18201K, capacity 19876K, committed 19880K, reserved 1048576K
}
Event: 8088.622 GC heap before
{Heap before GC invocations=45 (full 5):
 PSYoungGen      total 415232K, used 402400K [0x00000007a0000000, 0x00000007c0000000, 0x00000007c0000000)
  eden space 342528K, 100% used [0x00000007a0000000,0x00000007b4e80000,0x00000007b4e80000)
  from space 72704K, 82% used [0x00000007b4e80000,0x00000007b88f8108,0x00000007b9580000)
  to   space 77824K, 0% used [0x00000007bb400000,0x00000007bb400000,0x00000007c0000000)
 ParOldGen       total 236544K, used 91144K [0x0000000760000000, 0x000000076e700000, 0x00000007a0000000)
  object space 236544K, 38% used [0x0000000760000000,0x0000000765902000,0x000000076e700000)
 Metaspace       used 142973K, capacity 152391K, committed 152616K, reserved 1181696K
  class space    used 18216K, capacity 19893K, committed 20008K, reserved 1048576K

