# JRE version: OpenJDK Runtime Environment (8.0_202) (build 1.8.0_202-release-1483-b49-5587405)
# Java VM: OpenJDK 64-Bit Server VM (25.202-b49-5587405 mixed mode bsd-amd64 compressed oops)
Heap:
 PSYoungGen      total 454656K, used 140573K [0x00000007a0000000, 0x00000007bfd80000, 0x00000007c0000000)
  eden space 390144K, 29% used [0x00000007a0000000,0x00000007a7167228,0x00000007b7d00000)
  from space 64512K, 37% used [0x00000007b7d00000,0x00000007b94e0400,0x00000007bbc00000)
  to   space 61952K, 0% used [0x00000007bc100000,0x00000007bc100000,0x00000007bfd80000)
 ParOldGen       total 315904K, used 104229K [0x0000000760000000, 0x0000000773480000, 0x00000007a0000000)
  object space 315904K, 32% used [0x0000000760000000,0x00000007665c9750,0x0000000773480000)
 Metaspace       used 145944K, capacity 153802K, committed 153984K, reserved 1183744K
  class space    used 18614K, capacity 20041K, committed 20136K, reserved 1048576K
GC Heap History (10 events):
Event: 1636.697 GC heap before
{Heap before GC invocations=34 (full 5):
 PSYoungGen      total 443392K, used 398738K [0x00000007a0000000, 0x00000007bf900000, 0x00000007c0000000)
  eden space 375808K, 100% used [0x00000007a0000000,0x00000007b6f00000,0x00000007b6f00000)
  from space 67584K, 33% used [0x00000007bb700000,0x00000007bcd64a38,0x00000007bf900000)
  to   space 70656K, 0% used [0x00000007b6f00000,0x00000007b6f00000,0x00000007bb400000)
 ParOldGen       total 315904K, used 104181K [0x0000000760000000, 0x0000000773480000, 0x00000007a0000000)
  object space 315904K, 32% used [0x0000000760000000,0x00000007665bd750,0x0000000773480000)
 Metaspace       used 134175K, capacity 140662K, committed 140800K, reserved 1171456K
  class space    used 17121K, capacity 18359K, committed 18472K, reserved 1048576K
Event: 1636.892 GC heap after
Heap after GC invocations=34 (full 5):
 PSYoungGen      total 446464K, used 20542K [0x00000007a0000000, 0x00000007bfe00000, 0x00000007c0000000)
  eden space 375808K, 0% used [0x00000007a0000000,0x00000007a0000000,0x00000007b6f00000)
  from space 70656K, 29% used [0x00000007b6f00000,0x00000007b830fbf8,0x00000007bb400000)
  to   space 68096K, 0% used [0x00000007bbb80000,0x00000007bbb80000,0x00000007bfe00000)
 ParOldGen       total 315904K, used 104189K [0x0000000760000000, 0x0000000773480000, 0x00000007a0000000)
  object space 315904K, 32% used [0x0000000760000000,0x00000007665bf750,0x0000000773480000)
 Metaspace       used 134175K, capacity 140662K, committed 140800K, reserved 1171456K
  class space    used 17121K, capacity 18359K, committed 18472K, reserved 1048576K
}
Event: 1655.756 GC heap before
{Heap before GC invocations=35 (full 5):
 PSYoungGen      total 446464K, used 396350K [0x00000007a0000000, 0x00000007bfe00000, 0x00000007c0000000)
  eden space 375808K, 100% used [0x00000007a0000000,0x00000007b6f00000,0x00000007b6f00000)
  from space 70656K, 29% used [0x00000007b6f00000,0x00000007b830fbf8,0x00000007bb400000)
  to   space 68096K, 0% used [0x00000007bbb80000,0x00000007bbb80000,0x00000007bfe00000)
 ParOldGen       total 315904K, used 104189K [0x0000000760000000, 0x0000000773480000, 0x00000007a0000000)
  object space 315904K, 32% used [0x0000000760000000,0x00000007665bf750,0x0000000773480000)
 Metaspace       used 141746K, capacity 149012K, committed 149248K, reserved 1179648K
  class space    used 18129K, capacity 19446K, committed 19496K, reserved 1048576K
Event: 1655.853 GC heap after
Heap after GC invocations=35 (full 5):
 PSYoungGen      total 451072K, used 36417K [0x00000007a0000000, 0x00000007bfb80000, 0x00000007c0000000)
  eden space 385536K, 0% used [0x00000007a0000000,0x00000007a0000000,0x00000007b7880000)
  from space 65536K, 55% used [0x00000007bbb80000,0x00000007bdf10458,0x00000007bfb80000)
  to   space 67072K, 0% used [0x00000007b7880000,0x00000007b7880000,0x00000007bba00000)
 ParOldGen       total 315904K, used 104197K [0x0000000760000000, 0x0000000773480000, 0x00000007a0000000)
  object space 315904K, 32% used [0x0000000760000000,0x00000007665c1750,0x0000000773480000)
 Metaspace       used 141746K, capacity 149012K, committed 149248K, reserved 1179648K
  class space    used 18129K, capacity 19446K, committed 19496K, reserved 1048576K
}
Event: 2568.993 GC heap before
{Heap before GC invocations=36 (full 5):
 PSYoungGen      total 451072K, used 421953K [0x00000007a0000000, 0x00000007bfb80000, 0x00000007c0000000)
  eden space 385536K, 100% used [0x00000007a0000000,0x00000007b7880000,0x00000007b7880000)
  from space 65536K, 55% used [0x00000007bbb80000,0x00000007bdf10458,0x00000007bfb80000)
  to   space 67072K, 0% used [0x00000007b7880000,0x00000007b7880000,0x00000007bba00000)
 ParOldGen       total 315904K, used 104197K [0x0000000760000000, 0x0000000773480000, 0x00000007a0000000)
  object space 315904K, 32% used [0x0000000760000000,0x00000007665c1750,0x0000000773480000)
 Metaspace       used 144733K, capacity 152342K, committed 152576K, reserved 1181696K
  class space    used 18548K, capacity 19929K, committed 20008K, reserved 1048576K
Event: 2569.627 GC heap after
Heap after GC invocations=36 (full 5):
 PSYoungGen      total 452608K, used 39373K [0x00000007a0000000, 0x00000007c0000000, 0x00000007c0000000)
  eden space 385536K, 0% used [0x00000007a0000000,0x00000007a0000000,0x00000007b7880000)
  from space 67072K, 58% used [0x00000007b7880000,0x00000007b9ef34e0,0x00000007bba00000)
  to   space 67072K, 0% used [0x00000007bbe80000,0x00000007bbe80000,0x00000007c0000000)
 ParOldGen       total 315904K, used 104213K [0x0000000760000000, 0x0000000773480000, 0x00000007a0000000)
  object space 315904K, 32% used [0x0000000760000000,0x00000007665c5750,0x0000000773480000)
 Metaspace       used 144733K, capacity 152342K, committed 152576K, reserved 1181696K
  class space    used 18548K, capacity 19929K, committed 20008K, reserved 1048576K
}
Event: 2718.571 GC heap before
{Heap before GC invocations=37 (full 5):
 PSYoungGen      total 452608K, used 424909K [0x00000007a0000000, 0x00000007c0000000, 0x00000007c0000000)
  eden space 385536K, 100% used [0x00000007a0000000,0x00000007b7880000,0x00000007b7880000)
  from space 67072K, 58% used [0x00000007b7880000,0x00000007b9ef34e0,0x00000007bba00000)
  to   space 67072K, 0% used [0x00000007bbe80000,0x00000007bbe80000,0x00000007c0000000)
 ParOldGen       total 315904K, used 104213K [0x0000000760000000, 0x0000000773480000, 0x00000007a0000000)
  object space 315904K, 32% used [0x0000000760000000,0x00000007665c5750,0x0000000773480000)
 Metaspace       used 145206K, capacity 152990K, committed 153088K, reserved 1181696K
  class space    used 18582K, capacity 19989K, committed 20008K, reserved 1048576K
Event: 2718.848 GC heap after
Heap after GC invocations=37 (full 5):
 PSYoungGen      total 452096K, used 24221K [0x00000007a0000000, 0x00000007bfb00000, 0x00000007c0000000)
  eden space 390144K, 0% used [0x00000007a0000000,0x00000007a0000000,0x00000007b7d00000)
  from space 61952K, 39% used [0x00000007bbe80000,0x00000007bd627668,0x00000007bfb00000)
  to   space 64512K, 0% used [0x00000007b7d00000,0x00000007b7d00000,0x00000007bbc00000)
 ParOldGen       total 315904K, used 104221K [0x0000000760000000, 0x0000000773480000, 0x00000007a0000000)
  object space 315904K, 32% used [0x0000000760000000,0x00000007665c7750,0x0000000773480000)
 Metaspace       used 145206K, capacity 152990K, committed 153088K, reserved 1181696K
  class space    used 18582K, capacity 19989K, committed 20008K, reserved 1048576K
}
Event: 2730.306 GC heap before
{Heap before GC invocations=38 (full 5):
 PSYoungGen      total 452096K, used 414365K [0x00000007a0000000, 0x00000007bfb00000, 0x00000007c0000000)
  eden space 390144K, 100% used [0x00000007a0000000,0x00000007b7d00000,0x00000007b7d00000)
  from space 61952K, 39% used [0x00000007bbe80000,0x00000007bd627668,0x00000007bfb00000)
  to   space 64512K, 0% used [0x00000007b7d00000,0x00000007b7d00000,0x00000007bbc00000)
 ParOldGen       total 315904K, used 104221K [0x0000000760000000, 0x0000000773480000, 0x00000007a0000000)
  object space 315904K, 32% used [0x0000000760000000,0x00000007665c7750,0x0000000773480000)
 Metaspace       used 145786K, capacity 153570K, committed 153600K, reserved 1183744K
  class space    used 18593K, capacity 20003K, committed 20008K, reserved 1048576K
Event: 2730.415 GC heap after
Heap after GC invocations=38 (full 5):
 PSYoungGen      total 454656K, used 24449K [0x00000007a0000000, 0x00000007bfd80000, 0x00000007c0000000)
  eden space 390144K, 0% used [0x00000007a0000000,0x00000007a0000000,0x00000007b7d00000)
  from space 64512K, 37% used [0x00000007b7d00000,0x00000007b94e0400,0x00000007bbc00000)
  to   space 61952K, 0% used [0x00000007bc100000,0x00000007bc100000,0x00000007bfd80000)
 ParOldGen       total 315904K, used 104229K [0x0000000760000000, 0x0000000773480000, 0x00000007a0000000)
  object space 315904K, 32% used [0x0000000760000000,0x00000007665c9750,0x0000000773480000)
 Metaspace       used 145786K, capacity 153570K, committed 153600K, reserved 1183744K
  class space    used 18593K, capacity 20003K, committed 20008K, reserved 1048576K
}

